<?xml version="1.0" encoding="UTF-8"?>
<robot generator="Robot 3.1.1 (Python 3.7.3 on win32)" generated="20190516 23:27:22.149" rpa="false">
<suite id="s1" name="Script03" source="C:\Users\Puy\bdd-workshop\qa-robotframework\script03\script03.robot">
<test id="s1-t1" name="The user can search google">
<kw name="Open web page">
<kw name="Open Browser" library="SeleniumLibrary">
<doc>Opens a new browser instance to the given ``url``.</doc>
<arguments>
<arg>${URL}</arg>
<arg>${BROWSER}</arg>
</arguments>
<msg timestamp="20190516 23:27:22.399" level="INFO">Opening browser 'Chrome' to base url 'http://google.com'.</msg>
<status status="PASS" starttime="20190516 23:27:22.399" endtime="20190516 23:27:25.151"></status>
</kw>
<status status="PASS" starttime="20190516 23:27:22.398" endtime="20190516 23:27:25.151"></status>
</kw>
<kw name="Searching with keyword">
<arguments>
<arg>${KEYWORD}</arg>
</arguments>
<kw name="Click Element" library="SeleniumLibrary">
<doc>Click element identified by ``locator``.</doc>
<arguments>
<arg>css:input[name='q']</arg>
</arguments>
<msg timestamp="20190516 23:27:25.152" level="INFO">Clicking element 'css:input[name='q']'.</msg>
<status status="PASS" starttime="20190516 23:27:25.152" endtime="20190516 23:27:25.194"></status>
</kw>
<kw name="Press Keys" library="SeleniumLibrary">
<doc>Simulates user pressing key(s) to an element or on the active browser.</doc>
<arguments>
<arg>None</arg>
<arg>${keyword_value}</arg>
</arguments>
<msg timestamp="20190516 23:27:25.194" level="INFO">Sending key(s) ('Cucumber BDD',) to page.</msg>
<msg timestamp="20190516 23:27:25.194" level="INFO">Sending keys Cucumber BDD</msg>
<status status="PASS" starttime="20190516 23:27:25.194" endtime="20190516 23:27:25.238"></status>
</kw>
<kw name="Wait Until Element Is Visible" library="SeleniumLibrary">
<doc>Waits until element ``locator`` is visible.</doc>
<arguments>
<arg>css:input[name='btnK']</arg>
</arguments>
<status status="PASS" starttime="20190516 23:27:25.238" endtime="20190516 23:27:25.467"></status>
</kw>
<kw name="Click Element" library="SeleniumLibrary">
<doc>Click element identified by ``locator``.</doc>
<arguments>
<arg>css:input[name='btnK']</arg>
</arguments>
<msg timestamp="20190516 23:27:25.467" level="INFO">Clicking element 'css:input[name='btnK']'.</msg>
<status status="PASS" starttime="20190516 23:27:25.467" endtime="20190516 23:27:27.078"></status>
</kw>
<status status="PASS" starttime="20190516 23:27:25.151" endtime="20190516 23:27:27.078"></status>
</kw>
<kw name="There should be found keyword">
<arguments>
<arg>${KEYWORD}</arg>
</arguments>
<kw name="Wait Until Element Is Visible" library="SeleniumLibrary">
<doc>Waits until element ``locator`` is visible.</doc>
<arguments>
<arg>css:input[name='q']</arg>
</arguments>
<status status="PASS" starttime="20190516 23:27:27.079" endtime="20190516 23:27:27.093"></status>
</kw>
<kw name="Textfield Value Should Be" library="SeleniumLibrary">
<doc>Verifies text field ``locator`` has exactly text ``expected``.</doc>
<arguments>
<arg>css:input[name='q']</arg>
<arg>${searching_keyword}</arg>
</arguments>
<msg timestamp="20190516 23:27:27.117" level="INFO">Content of text field 'css:input[name='q']' is 'Cucumber BDD'.</msg>
<status status="PASS" starttime="20190516 23:27:27.093" endtime="20190516 23:27:27.117"></status>
</kw>
<status status="PASS" starttime="20190516 23:27:27.078" endtime="20190516 23:27:27.117"></status>
</kw>
<kw name="Close">
<kw name="Close Browser" library="SeleniumLibrary">
<doc>Closes the current browser.</doc>
<status status="PASS" starttime="20190516 23:27:27.117" endtime="20190516 23:27:29.192"></status>
</kw>
<status status="PASS" starttime="20190516 23:27:27.117" endtime="20190516 23:27:29.192"></status>
</kw>
<tags>
<tag>seraching</tag>
</tags>
<status status="PASS" starttime="20190516 23:27:22.398" endtime="20190516 23:27:29.193" critical="yes"></status>
</test>
<status status="PASS" starttime="20190516 23:27:22.150" endtime="20190516 23:27:29.197"></status>
</suite>
<statistics>
<total>
<stat pass="1" fail="0">Critical Tests</stat>
<stat pass="1" fail="0">All Tests</stat>
</total>
<tag>
<stat pass="1" fail="0">seraching</stat>
</tag>
<suite>
<stat pass="1" fail="0" id="s1" name="Script03">Script03</stat>
</suite>
</statistics>
<errors>
</errors>
</robot>
