<?xml version="1.0" encoding="UTF-8"?>
<robot generator="Robot 3.1.1 (Python 3.7.3 on win32)" generated="20190516 23:31:34.479" rpa="false">
<suite id="s1" name="Script04" source="C:\Users\Puy\bdd-workshop\qa-robotframework\script04\script04.robot">
<test id="s1-t1" name="The user can search google">
<kw name="Open web page" library="resource">
<kw name="Open Browser" library="SeleniumLibrary">
<doc>Opens a new browser instance to the given ``url``.</doc>
<arguments>
<arg>${URL}</arg>
<arg>${BROWSER}</arg>
</arguments>
<msg timestamp="20190516 23:31:34.726" level="INFO">Opening browser 'Chrome' to base url 'http://google.com'.</msg>
<status status="PASS" starttime="20190516 23:31:34.726" endtime="20190516 23:31:38.108"></status>
</kw>
<status status="PASS" starttime="20190516 23:31:34.726" endtime="20190516 23:31:38.108"></status>
</kw>
<kw name="Searching with keyword" library="resource">
<arguments>
<arg>${KEYWORD}</arg>
</arguments>
<kw name="Click Element" library="SeleniumLibrary">
<doc>Click element identified by ``locator``.</doc>
<arguments>
<arg>css:input[name='q']</arg>
</arguments>
<msg timestamp="20190516 23:31:38.110" level="INFO">Clicking element 'css:input[name='q']'.</msg>
<status status="PASS" starttime="20190516 23:31:38.109" endtime="20190516 23:31:38.154"></status>
</kw>
<kw name="Press Keys" library="SeleniumLibrary">
<doc>Simulates user pressing key(s) to an element or on the active browser.</doc>
<arguments>
<arg>None</arg>
<arg>${keyword_value}</arg>
</arguments>
<msg timestamp="20190516 23:31:38.154" level="INFO">Sending key(s) ('Cucumber BDD',) to page.</msg>
<msg timestamp="20190516 23:31:38.154" level="INFO">Sending keys Cucumber BDD</msg>
<status status="PASS" starttime="20190516 23:31:38.154" endtime="20190516 23:31:38.201"></status>
</kw>
<kw name="Wait Until Element Is Visible" library="SeleniumLibrary">
<doc>Waits until element ``locator`` is visible.</doc>
<arguments>
<arg>css:input[name='btnK']</arg>
</arguments>
<status status="PASS" starttime="20190516 23:31:38.201" endtime="20190516 23:31:38.438"></status>
</kw>
<kw name="Click Element" library="SeleniumLibrary">
<doc>Click element identified by ``locator``.</doc>
<arguments>
<arg>css:input[name='btnK']</arg>
</arguments>
<msg timestamp="20190516 23:31:38.438" level="INFO">Clicking element 'css:input[name='btnK']'.</msg>
<status status="PASS" starttime="20190516 23:31:38.438" endtime="20190516 23:31:40.023"></status>
</kw>
<status status="PASS" starttime="20190516 23:31:38.109" endtime="20190516 23:31:40.023"></status>
</kw>
<kw name="There should be found keyword" library="resource">
<arguments>
<arg>${KEYWORD}</arg>
</arguments>
<kw name="Wait Until Element Is Visible" library="SeleniumLibrary">
<doc>Waits until element ``locator`` is visible.</doc>
<arguments>
<arg>css:input[name='q']</arg>
</arguments>
<status status="PASS" starttime="20190516 23:31:40.023" endtime="20190516 23:31:40.038"></status>
</kw>
<kw name="Textfield Value Should Be" library="SeleniumLibrary">
<doc>Verifies text field ``locator`` has exactly text ``expected``.</doc>
<arguments>
<arg>css:input[name='q']</arg>
<arg>${searching_keyword}</arg>
</arguments>
<msg timestamp="20190516 23:31:40.107" level="INFO">Content of text field 'css:input[name='q']' is 'Cucumber BDD'.</msg>
<status status="PASS" starttime="20190516 23:31:40.038" endtime="20190516 23:31:40.107"></status>
</kw>
<status status="PASS" starttime="20190516 23:31:40.023" endtime="20190516 23:31:40.107"></status>
</kw>
<kw name="Close" library="resource">
<kw name="Close Browser" library="SeleniumLibrary">
<doc>Closes the current browser.</doc>
<status status="PASS" starttime="20190516 23:31:40.107" endtime="20190516 23:31:42.209"></status>
</kw>
<status status="PASS" starttime="20190516 23:31:40.107" endtime="20190516 23:31:42.209"></status>
</kw>
<tags>
<tag>seraching</tag>
</tags>
<status status="PASS" starttime="20190516 23:31:34.725" endtime="20190516 23:31:42.210" critical="yes"></status>
</test>
<status status="PASS" starttime="20190516 23:31:34.480" endtime="20190516 23:31:42.213"></status>
</suite>
<statistics>
<total>
<stat pass="1" fail="0">Critical Tests</stat>
<stat pass="1" fail="0">All Tests</stat>
</total>
<tag>
<stat pass="1" fail="0">seraching</stat>
</tag>
<suite>
<stat pass="1" fail="0" id="s1" name="Script04">Script04</stat>
</suite>
</statistics>
<errors>
</errors>
</robot>
