<?xml version="1.0" encoding="UTF-8"?>
<robot generator="Robot 3.1.1 (Python 3.7.3 on win32)" generated="20190516 23:34:23.324" rpa="false">
<suite id="s1" name="Script02" source="C:\Users\Puy\bdd-workshop\qa-robotframework\script02\script02.robot">
<test id="s1-t1" name="The user can search google">
<kw name="Open Browser" library="SeleniumLibrary">
<doc>Opens a new browser instance to the given ``url``.</doc>
<arguments>
<arg>${URL}</arg>
<arg>${BROWSER}</arg>
</arguments>
<msg timestamp="20190516 23:34:23.560" level="INFO">Opening browser 'Chrome' to base url 'http://google.com'.</msg>
<status status="PASS" starttime="20190516 23:34:23.560" endtime="20190516 23:34:26.793"></status>
</kw>
<kw name="Click Element" library="SeleniumLibrary">
<doc>Click element identified by ``locator``.</doc>
<arguments>
<arg>css:input[name='q']</arg>
</arguments>
<msg timestamp="20190516 23:34:26.794" level="INFO">Clicking element 'css:input[name='q']'.</msg>
<status status="PASS" starttime="20190516 23:34:26.794" endtime="20190516 23:34:26.836"></status>
</kw>
<kw name="Press Keys" library="SeleniumLibrary">
<doc>Simulates user pressing key(s) to an element or on the active browser.</doc>
<arguments>
<arg>None</arg>
<arg>${KEYWORD}</arg>
</arguments>
<msg timestamp="20190516 23:34:26.837" level="INFO">Sending key(s) ('Cucumber BDD',) to page.</msg>
<msg timestamp="20190516 23:34:26.837" level="INFO">Sending keys Cucumber BDD</msg>
<status status="PASS" starttime="20190516 23:34:26.836" endtime="20190516 23:34:26.899"></status>
</kw>
<kw name="Wait Until Element Is Visible" library="SeleniumLibrary">
<doc>Waits until element ``locator`` is visible.</doc>
<arguments>
<arg>css:input[name='btnK']</arg>
</arguments>
<status status="PASS" starttime="20190516 23:34:26.900" endtime="20190516 23:34:27.149"></status>
</kw>
<kw name="Click Element" library="SeleniumLibrary">
<doc>Click element identified by ``locator``.</doc>
<arguments>
<arg>css:input[name='btnK']</arg>
</arguments>
<msg timestamp="20190516 23:34:27.151" level="INFO">Clicking element 'css:input[name='btnK']'.</msg>
<status status="PASS" starttime="20190516 23:34:27.150" endtime="20190516 23:34:28.807"></status>
</kw>
<kw name="Wait Until Element Is Visible" library="SeleniumLibrary">
<doc>Waits until element ``locator`` is visible.</doc>
<arguments>
<arg>css:input[name='q']</arg>
</arguments>
<status status="PASS" starttime="20190516 23:34:28.807" endtime="20190516 23:34:28.822"></status>
</kw>
<kw name="Textfield Value Should Be" library="SeleniumLibrary">
<doc>Verifies text field ``locator`` has exactly text ``expected``.</doc>
<arguments>
<arg>css:input[name='q']</arg>
<arg>${KEYWORD}</arg>
</arguments>
<msg timestamp="20190516 23:34:28.843" level="INFO">Content of text field 'css:input[name='q']' is 'Cucumber BDD'.</msg>
<status status="PASS" starttime="20190516 23:34:28.822" endtime="20190516 23:34:28.844"></status>
</kw>
<kw name="Close Browser" library="SeleniumLibrary" type="teardown">
<doc>Closes the current browser.</doc>
<status status="PASS" starttime="20190516 23:34:28.844" endtime="20190516 23:34:30.912"></status>
</kw>
<tags>
<tag>seraching</tag>
</tags>
<status status="PASS" starttime="20190516 23:34:23.559" endtime="20190516 23:34:30.913" critical="yes"></status>
</test>
<status status="PASS" starttime="20190516 23:34:23.325" endtime="20190516 23:34:30.920"></status>
</suite>
<statistics>
<total>
<stat pass="1" fail="0">Critical Tests</stat>
<stat pass="1" fail="0">All Tests</stat>
</total>
<tag>
<stat pass="1" fail="0">seraching</stat>
</tag>
<suite>
<stat pass="1" fail="0" id="s1" name="Script02">Script02</stat>
</suite>
</statistics>
<errors>
</errors>
</robot>
