<?xml version="1.0" encoding="UTF-8"?>
<robot generator="Robot 3.1.1 (Python 3.7.3 on win32)" generated="20190517 03:33:36.081" rpa="false">
<suite id="s1" name="Script" source="C:\Users\Puy\bdd-workshop\qa-robotframework\script07\script.robot">
<test id="s1-t1" name="The user search google">
<kw name="Open">
<kw name="Open Browser" library="SearchPage">
<status status="PASS" starttime="20190517 03:33:38.368" endtime="20190517 03:33:39.100"></status>
</kw>
<status status="PASS" starttime="20190517 03:33:38.368" endtime="20190517 03:33:39.100"></status>
</kw>
<kw name="Input Value Info Field" library="SearchPage">
<arguments>
<arg>input[name='q']</arg>
<arg>Cucumber BDD</arg>
</arguments>
<status status="PASS" starttime="20190517 03:33:39.101" endtime="20190517 03:33:39.203"></status>
</kw>
<kw name="Click Element" library="SearchPage">
<arguments>
<arg>input[name='btnK']</arg>
</arguments>
<status status="PASS" starttime="20190517 03:33:39.204" endtime="20190517 03:33:40.695"></status>
</kw>
<kw name="Find Element Value" library="SearchPage">
<arguments>
<arg>input[name='q']</arg>
</arguments>
<assign>
<var>${actual}</var>
</assign>
<msg timestamp="20190517 03:33:40.715" level="INFO">${actual} = Cucumber BDD</msg>
<status status="PASS" starttime="20190517 03:33:40.696" endtime="20190517 03:33:40.715"></status>
</kw>
<kw name="Keyword should be found">
<arguments>
<arg>${actual}</arg>
<arg>Cucumber BDD</arg>
</arguments>
<kw name="Should Be Equal" library="BuiltIn">
<doc>Fails if the given objects are unequal.</doc>
<arguments>
<arg>${actual}</arg>
<arg>${expected}</arg>
</arguments>
<status status="PASS" starttime="20190517 03:33:40.716" endtime="20190517 03:33:40.716"></status>
</kw>
<status status="PASS" starttime="20190517 03:33:40.715" endtime="20190517 03:33:40.716"></status>
</kw>
<kw name="Close Browser" library="SearchPage" type="teardown">
<status status="PASS" starttime="20190517 03:33:40.716" endtime="20190517 03:33:42.788"></status>
</kw>
<status status="PASS" starttime="20190517 03:33:38.367" endtime="20190517 03:33:42.788" critical="yes"></status>
</test>
<status status="PASS" starttime="20190517 03:33:36.082" endtime="20190517 03:33:42.790"></status>
</suite>
<statistics>
<total>
<stat pass="1" fail="0">Critical Tests</stat>
<stat pass="1" fail="0">All Tests</stat>
</total>
<tag>
</tag>
<suite>
<stat pass="1" fail="0" id="s1" name="Script">Script</stat>
</suite>
</statistics>
<errors>
</errors>
</robot>
