<?xml version="1.0" encoding="UTF-8"?>
<robot generator="Robot 3.1.1 (Python 3.7.3 on win32)" generated="20190516 23:43:13.805" rpa="false">
<suite id="s1" name="Script" source="C:\Users\Puy\bdd-workshop\qa-robotframework\script05\script.robot">
<test id="s1-t1" name="Search With One Word">
<kw name="Open web page" type="setup">
<kw name="Open Browser" library="SeleniumLibrary">
<doc>Opens a new browser instance to the given ``url``.</doc>
<arguments>
<arg>${URL}</arg>
<arg>${BROWSER}</arg>
</arguments>
<msg timestamp="20190516 23:43:14.038" level="INFO">Opening browser 'Chrome' to base url 'http://google.com'.</msg>
<status status="PASS" starttime="20190516 23:43:14.038" endtime="20190516 23:43:16.918"></status>
</kw>
<status status="PASS" starttime="20190516 23:43:14.038" endtime="20190516 23:43:16.918"></status>
</kw>
<kw name="Searching">
<arguments>
<arg>Cucumber</arg>
<arg>Cucumber</arg>
</arguments>
<kw name="Searching with keyword">
<arguments>
<arg>${keyword_value}</arg>
</arguments>
<kw name="Click Element" library="SeleniumLibrary">
<doc>Click element identified by ``locator``.</doc>
<arguments>
<arg>css:input[name='q']</arg>
</arguments>
<msg timestamp="20190516 23:43:16.920" level="INFO">Clicking element 'css:input[name='q']'.</msg>
<status status="PASS" starttime="20190516 23:43:16.920" endtime="20190516 23:43:16.959"></status>
</kw>
<kw name="Press Keys" library="SeleniumLibrary">
<doc>Simulates user pressing key(s) to an element or on the active browser.</doc>
<arguments>
<arg>None</arg>
<arg>${keyword_value}</arg>
</arguments>
<msg timestamp="20190516 23:43:16.960" level="INFO">Sending key(s) ('Cucumber',) to page.</msg>
<msg timestamp="20190516 23:43:16.960" level="INFO">Sending keys Cucumber</msg>
<status status="PASS" starttime="20190516 23:43:16.959" endtime="20190516 23:43:16.991"></status>
</kw>
<kw name="Wait Until Element Is Visible" library="SeleniumLibrary">
<doc>Waits until element ``locator`` is visible.</doc>
<arguments>
<arg>css:input[name='btnK']</arg>
</arguments>
<status status="PASS" starttime="20190516 23:43:16.991" endtime="20190516 23:43:17.219"></status>
</kw>
<kw name="Click Element" library="SeleniumLibrary">
<doc>Click element identified by ``locator``.</doc>
<arguments>
<arg>css:input[name='btnK']</arg>
</arguments>
<msg timestamp="20190516 23:43:17.219" level="INFO">Clicking element 'css:input[name='btnK']'.</msg>
<status status="PASS" starttime="20190516 23:43:17.219" endtime="20190516 23:43:18.055"></status>
</kw>
<status status="PASS" starttime="20190516 23:43:16.919" endtime="20190516 23:43:18.055"></status>
</kw>
<kw name="There should be found keyword">
<arguments>
<arg>${expected_keyword}</arg>
</arguments>
<kw name="Wait Until Element Is Visible" library="SeleniumLibrary">
<doc>Waits until element ``locator`` is visible.</doc>
<arguments>
<arg>css:input[name='q']</arg>
</arguments>
<status status="PASS" starttime="20190516 23:43:18.056" endtime="20190516 23:43:18.071"></status>
</kw>
<kw name="Textfield Value Should Be" library="SeleniumLibrary">
<doc>Verifies text field ``locator`` has exactly text ``expected``.</doc>
<arguments>
<arg>css:input[name='q']</arg>
<arg>${searching_keyword}</arg>
</arguments>
<msg timestamp="20190516 23:43:18.092" level="INFO">Content of text field 'css:input[name='q']' is 'Cucumber'.</msg>
<status status="PASS" starttime="20190516 23:43:18.071" endtime="20190516 23:43:18.092"></status>
</kw>
<status status="PASS" starttime="20190516 23:43:18.055" endtime="20190516 23:43:18.092"></status>
</kw>
<status status="PASS" starttime="20190516 23:43:16.919" endtime="20190516 23:43:18.092"></status>
</kw>
<kw name="Close" type="teardown">
<kw name="Close Browser" library="SeleniumLibrary">
<doc>Closes the current browser.</doc>
<status status="PASS" starttime="20190516 23:43:18.093" endtime="20190516 23:43:20.163"></status>
</kw>
<status status="PASS" starttime="20190516 23:43:18.093" endtime="20190516 23:43:20.164"></status>
</kw>
<status status="PASS" starttime="20190516 23:43:14.038" endtime="20190516 23:43:20.165" critical="yes"></status>
</test>
<test id="s1-t2" name="Search with Two Word">
<kw name="Open web page" type="setup">
<kw name="Open Browser" library="SeleniumLibrary">
<doc>Opens a new browser instance to the given ``url``.</doc>
<arguments>
<arg>${URL}</arg>
<arg>${BROWSER}</arg>
</arguments>
<msg timestamp="20190516 23:43:20.177" level="INFO">Opening browser 'Chrome' to base url 'http://google.com'.</msg>
<status status="PASS" starttime="20190516 23:43:20.176" endtime="20190516 23:43:22.976"></status>
</kw>
<status status="PASS" starttime="20190516 23:43:20.175" endtime="20190516 23:43:22.977"></status>
</kw>
<kw name="Searching">
<arguments>
<arg>BDD Cucumber</arg>
<arg>BDD Cucumber</arg>
</arguments>
<kw name="Searching with keyword">
<arguments>
<arg>${keyword_value}</arg>
</arguments>
<kw name="Click Element" library="SeleniumLibrary">
<doc>Click element identified by ``locator``.</doc>
<arguments>
<arg>css:input[name='q']</arg>
</arguments>
<msg timestamp="20190516 23:43:22.978" level="INFO">Clicking element 'css:input[name='q']'.</msg>
<status status="PASS" starttime="20190516 23:43:22.978" endtime="20190516 23:43:23.012"></status>
</kw>
<kw name="Press Keys" library="SeleniumLibrary">
<doc>Simulates user pressing key(s) to an element or on the active browser.</doc>
<arguments>
<arg>None</arg>
<arg>${keyword_value}</arg>
</arguments>
<msg timestamp="20190516 23:43:23.012" level="INFO">Sending key(s) ('BDD Cucumber',) to page.</msg>
<msg timestamp="20190516 23:43:23.012" level="INFO">Sending keys BDD Cucumber</msg>
<status status="PASS" starttime="20190516 23:43:23.012" endtime="20190516 23:43:23.052"></status>
</kw>
<kw name="Wait Until Element Is Visible" library="SeleniumLibrary">
<doc>Waits until element ``locator`` is visible.</doc>
<arguments>
<arg>css:input[name='btnK']</arg>
</arguments>
<status status="PASS" starttime="20190516 23:43:23.052" endtime="20190516 23:43:23.279"></status>
</kw>
<kw name="Click Element" library="SeleniumLibrary">
<doc>Click element identified by ``locator``.</doc>
<arguments>
<arg>css:input[name='btnK']</arg>
</arguments>
<msg timestamp="20190516 23:43:23.279" level="INFO">Clicking element 'css:input[name='btnK']'.</msg>
<status status="PASS" starttime="20190516 23:43:23.279" endtime="20190516 23:43:24.244"></status>
</kw>
<status status="PASS" starttime="20190516 23:43:22.977" endtime="20190516 23:43:24.244"></status>
</kw>
<kw name="There should be found keyword">
<arguments>
<arg>${expected_keyword}</arg>
</arguments>
<kw name="Wait Until Element Is Visible" library="SeleniumLibrary">
<doc>Waits until element ``locator`` is visible.</doc>
<arguments>
<arg>css:input[name='q']</arg>
</arguments>
<status status="PASS" starttime="20190516 23:43:24.245" endtime="20190516 23:43:24.271"></status>
</kw>
<kw name="Textfield Value Should Be" library="SeleniumLibrary">
<doc>Verifies text field ``locator`` has exactly text ``expected``.</doc>
<arguments>
<arg>css:input[name='q']</arg>
<arg>${searching_keyword}</arg>
</arguments>
<msg timestamp="20190516 23:43:24.293" level="INFO">Content of text field 'css:input[name='q']' is 'BDD Cucumber'.</msg>
<status status="PASS" starttime="20190516 23:43:24.272" endtime="20190516 23:43:24.293"></status>
</kw>
<status status="PASS" starttime="20190516 23:43:24.244" endtime="20190516 23:43:24.294"></status>
</kw>
<status status="PASS" starttime="20190516 23:43:22.977" endtime="20190516 23:43:24.294"></status>
</kw>
<kw name="Close" type="teardown">
<kw name="Close Browser" library="SeleniumLibrary">
<doc>Closes the current browser.</doc>
<status status="PASS" starttime="20190516 23:43:24.294" endtime="20190516 23:43:26.379"></status>
</kw>
<status status="PASS" starttime="20190516 23:43:24.294" endtime="20190516 23:43:26.380"></status>
</kw>
<status status="PASS" starttime="20190516 23:43:20.171" endtime="20190516 23:43:26.381" critical="yes"></status>
</test>
<status status="PASS" starttime="20190516 23:43:13.806" endtime="20190516 23:43:26.388"></status>
</suite>
<statistics>
<total>
<stat pass="2" fail="0">Critical Tests</stat>
<stat pass="2" fail="0">All Tests</stat>
</total>
<tag>
</tag>
<suite>
<stat pass="2" fail="0" id="s1" name="Script">Script</stat>
</suite>
</statistics>
<errors>
</errors>
</robot>
