<?xml version="1.0" encoding="UTF-8"?>
<robot generator="Robot 3.1.1 (Python 3.7.3 on win32)" generated="20190517 03:46:23.676" rpa="false">
<suite id="s1" name="Script" source="C:\Users\Puy\bdd-workshop\qa-robotframework\script09\script.robot">
<test id="s1-t1" name="Search With One Word">
<kw name="Open" type="setup">
<kw name="Open Browser" library="SeleniumLibrary">
<doc>Opens a new browser instance to the given ``url``.</doc>
<arguments>
<arg>${URL}</arg>
<arg>${BROWSER}</arg>
</arguments>
<msg timestamp="20190517 03:46:23.918" level="INFO">Opening browser 'Chrome' to base url 'http://google.com'.</msg>
<status status="PASS" starttime="20190517 03:46:23.918" endtime="20190517 03:46:27.209"></status>
</kw>
<status status="PASS" starttime="20190517 03:46:23.918" endtime="20190517 03:46:27.209"></status>
</kw>
<kw name="Searching">
<arguments>
<arg>Cucumber</arg>
<arg>Cucumber</arg>
</arguments>
<kw name="Given keyword">
<arguments>
<arg>${keyword_value}</arg>
</arguments>
<kw name="Click Element" library="SeleniumLibrary">
<doc>Click element identified by ``locator``.</doc>
<arguments>
<arg>css:input[name='q']</arg>
</arguments>
<msg timestamp="20190517 03:46:27.211" level="INFO">Clicking element 'css:input[name='q']'.</msg>
<status status="PASS" starttime="20190517 03:46:27.211" endtime="20190517 03:46:27.249"></status>
</kw>
<kw name="Press Keys" library="SeleniumLibrary">
<doc>Simulates user pressing key(s) to an element or on the active browser.</doc>
<arguments>
<arg>None</arg>
<arg>${keyword_value}</arg>
</arguments>
<msg timestamp="20190517 03:46:27.249" level="INFO">Sending key(s) ('Cucumber',) to page.</msg>
<msg timestamp="20190517 03:46:27.249" level="INFO">Sending keys Cucumber</msg>
<status status="PASS" starttime="20190517 03:46:27.249" endtime="20190517 03:46:27.277"></status>
</kw>
<status status="PASS" starttime="20190517 03:46:27.210" endtime="20190517 03:46:27.277"></status>
</kw>
<kw name="When I want to search">
<kw name="Wait Until Element Is Visible" library="SeleniumLibrary">
<doc>Waits until element ``locator`` is visible.</doc>
<arguments>
<arg>css:input[name='btnK']</arg>
</arguments>
<status status="PASS" starttime="20190517 03:46:27.278" endtime="20190517 03:46:27.524"></status>
</kw>
<kw name="Click Element" library="SeleniumLibrary">
<doc>Click element identified by ``locator``.</doc>
<arguments>
<arg>css:input[name='btnK']</arg>
</arguments>
<msg timestamp="20190517 03:46:27.524" level="INFO">Clicking element 'css:input[name='btnK']'.</msg>
<status status="PASS" starttime="20190517 03:46:27.524" endtime="20190517 03:46:28.526"></status>
</kw>
<status status="PASS" starttime="20190517 03:46:27.278" endtime="20190517 03:46:28.526"></status>
</kw>
<kw name="Then I will see">
<arguments>
<arg>${expected_keyword}</arg>
</arguments>
<kw name="Wait Until Element Is Visible" library="SeleniumLibrary">
<doc>Waits until element ``locator`` is visible.</doc>
<arguments>
<arg>css:input[name='q']</arg>
</arguments>
<status status="PASS" starttime="20190517 03:46:28.526" endtime="20190517 03:46:28.542"></status>
</kw>
<kw name="Textfield Value Should Be" library="SeleniumLibrary">
<doc>Verifies text field ``locator`` has exactly text ``expected``.</doc>
<arguments>
<arg>css:input[name='q']</arg>
<arg>${searching_keyword}</arg>
</arguments>
<msg timestamp="20190517 03:46:28.568" level="INFO">Content of text field 'css:input[name='q']' is 'Cucumber'.</msg>
<status status="PASS" starttime="20190517 03:46:28.542" endtime="20190517 03:46:28.569"></status>
</kw>
<kw name="Close">
<kw name="Close Browser" library="SeleniumLibrary">
<doc>Closes the current browser.</doc>
<status status="PASS" starttime="20190517 03:46:28.569" endtime="20190517 03:46:30.650"></status>
</kw>
<status status="PASS" starttime="20190517 03:46:28.569" endtime="20190517 03:46:30.651"></status>
</kw>
<status status="PASS" starttime="20190517 03:46:28.526" endtime="20190517 03:46:30.651"></status>
</kw>
<status status="PASS" starttime="20190517 03:46:27.210" endtime="20190517 03:46:30.652"></status>
</kw>
<kw name="Close" type="teardown">
<kw name="Close Browser" library="SeleniumLibrary">
<doc>Closes the current browser.</doc>
<status status="PASS" starttime="20190517 03:46:30.655" endtime="20190517 03:46:30.655"></status>
</kw>
<status status="PASS" starttime="20190517 03:46:30.654" endtime="20190517 03:46:30.656"></status>
</kw>
<status status="PASS" starttime="20190517 03:46:23.918" endtime="20190517 03:46:30.657" critical="yes"></status>
</test>
<test id="s1-t2" name="Search with Two Word">
<kw name="Open" type="setup">
<kw name="Open Browser" library="SeleniumLibrary">
<doc>Opens a new browser instance to the given ``url``.</doc>
<arguments>
<arg>${URL}</arg>
<arg>${BROWSER}</arg>
</arguments>
<msg timestamp="20190517 03:46:30.670" level="INFO">Opening browser 'Chrome' to base url 'http://google.com'.</msg>
<status status="PASS" starttime="20190517 03:46:30.669" endtime="20190517 03:46:33.864"></status>
</kw>
<status status="PASS" starttime="20190517 03:46:30.668" endtime="20190517 03:46:33.864"></status>
</kw>
<kw name="Searching">
<arguments>
<arg>BDD Cucumber</arg>
<arg>BDD Cucumber</arg>
</arguments>
<kw name="Given keyword">
<arguments>
<arg>${keyword_value}</arg>
</arguments>
<kw name="Click Element" library="SeleniumLibrary">
<doc>Click element identified by ``locator``.</doc>
<arguments>
<arg>css:input[name='q']</arg>
</arguments>
<msg timestamp="20190517 03:46:33.866" level="INFO">Clicking element 'css:input[name='q']'.</msg>
<status status="PASS" starttime="20190517 03:46:33.865" endtime="20190517 03:46:33.904"></status>
</kw>
<kw name="Press Keys" library="SeleniumLibrary">
<doc>Simulates user pressing key(s) to an element or on the active browser.</doc>
<arguments>
<arg>None</arg>
<arg>${keyword_value}</arg>
</arguments>
<msg timestamp="20190517 03:46:33.905" level="INFO">Sending key(s) ('BDD Cucumber',) to page.</msg>
<msg timestamp="20190517 03:46:33.905" level="INFO">Sending keys BDD Cucumber</msg>
<status status="PASS" starttime="20190517 03:46:33.904" endtime="20190517 03:46:33.952"></status>
</kw>
<status status="PASS" starttime="20190517 03:46:33.865" endtime="20190517 03:46:33.952"></status>
</kw>
<kw name="When I want to search">
<kw name="Wait Until Element Is Visible" library="SeleniumLibrary">
<doc>Waits until element ``locator`` is visible.</doc>
<arguments>
<arg>css:input[name='btnK']</arg>
</arguments>
<status status="PASS" starttime="20190517 03:46:33.953" endtime="20190517 03:46:34.181"></status>
</kw>
<kw name="Click Element" library="SeleniumLibrary">
<doc>Click element identified by ``locator``.</doc>
<arguments>
<arg>css:input[name='btnK']</arg>
</arguments>
<msg timestamp="20190517 03:46:34.181" level="INFO">Clicking element 'css:input[name='btnK']'.</msg>
<status status="PASS" starttime="20190517 03:46:34.181" endtime="20190517 03:46:35.273"></status>
</kw>
<status status="PASS" starttime="20190517 03:46:33.952" endtime="20190517 03:46:35.274"></status>
</kw>
<kw name="Then I will see">
<arguments>
<arg>${expected_keyword}</arg>
</arguments>
<kw name="Wait Until Element Is Visible" library="SeleniumLibrary">
<doc>Waits until element ``locator`` is visible.</doc>
<arguments>
<arg>css:input[name='q']</arg>
</arguments>
<status status="PASS" starttime="20190517 03:46:35.274" endtime="20190517 03:46:35.289"></status>
</kw>
<kw name="Textfield Value Should Be" library="SeleniumLibrary">
<doc>Verifies text field ``locator`` has exactly text ``expected``.</doc>
<arguments>
<arg>css:input[name='q']</arg>
<arg>${searching_keyword}</arg>
</arguments>
<msg timestamp="20190517 03:46:35.315" level="INFO">Content of text field 'css:input[name='q']' is 'BDD Cucumber'.</msg>
<status status="PASS" starttime="20190517 03:46:35.289" endtime="20190517 03:46:35.315"></status>
</kw>
<kw name="Close">
<kw name="Close Browser" library="SeleniumLibrary">
<doc>Closes the current browser.</doc>
<status status="PASS" starttime="20190517 03:46:35.315" endtime="20190517 03:46:37.386"></status>
</kw>
<status status="PASS" starttime="20190517 03:46:35.315" endtime="20190517 03:46:37.387"></status>
</kw>
<status status="PASS" starttime="20190517 03:46:35.274" endtime="20190517 03:46:37.388"></status>
</kw>
<status status="PASS" starttime="20190517 03:46:33.865" endtime="20190517 03:46:37.388"></status>
</kw>
<kw name="Close" type="teardown">
<kw name="Close Browser" library="SeleniumLibrary">
<doc>Closes the current browser.</doc>
<status status="PASS" starttime="20190517 03:46:37.391" endtime="20190517 03:46:37.391"></status>
</kw>
<status status="PASS" starttime="20190517 03:46:37.390" endtime="20190517 03:46:37.391"></status>
</kw>
<status status="PASS" starttime="20190517 03:46:30.665" endtime="20190517 03:46:37.392" critical="yes"></status>
</test>
<status status="PASS" starttime="20190517 03:46:23.677" endtime="20190517 03:46:37.399"></status>
</suite>
<statistics>
<total>
<stat pass="2" fail="0">Critical Tests</stat>
<stat pass="2" fail="0">All Tests</stat>
</total>
<tag>
</tag>
<suite>
<stat pass="2" fail="0" id="s1" name="Script">Script</stat>
</suite>
</statistics>
<errors>
</errors>
</robot>
