<?xml version="1.0" encoding="UTF-8"?>
<robot generator="Robot 3.1.1 (Python 3.7.3 on win32)" generated="20190516 23:09:44.455" rpa="false">
<suite id="s1" name="Script01" source="C:\Users\Puy\bdd-workshop\qa-robotframework\script01\script01.robot">
<test id="s1-t1" name="The user can search google">
<kw name="Open Browser" library="SeleniumLibrary">
<doc>Opens a new browser instance to the given ``url``.</doc>
<arguments>
<arg>http://google.com</arg>
<arg>Chrome</arg>
</arguments>
<msg timestamp="20190516 23:09:44.692" level="INFO">Opening browser 'Chrome' to base url 'http://google.com'.</msg>
<status status="PASS" starttime="20190516 23:09:44.692" endtime="20190516 23:09:47.698"></status>
</kw>
<kw name="Click Element" library="SeleniumLibrary">
<doc>Click element identified by ``locator``.</doc>
<arguments>
<arg>css:input[name='q']</arg>
</arguments>
<msg timestamp="20190516 23:09:47.699" level="INFO">Clicking element 'css:input[name='q']'.</msg>
<status status="PASS" starttime="20190516 23:09:47.699" endtime="20190516 23:09:47.735"></status>
</kw>
<kw name="Press Keys" library="SeleniumLibrary">
<doc>Simulates user pressing key(s) to an element or on the active browser.</doc>
<arguments>
<arg>None</arg>
<arg>Cucumber BDD</arg>
</arguments>
<msg timestamp="20190516 23:09:47.736" level="INFO">Sending key(s) ('Cucumber BDD',) to page.</msg>
<msg timestamp="20190516 23:09:47.736" level="INFO">Sending keys Cucumber BDD</msg>
<status status="PASS" starttime="20190516 23:09:47.736" endtime="20190516 23:09:47.796"></status>
</kw>
<kw name="Wait Until Element Is Visible" library="SeleniumLibrary">
<doc>Waits until element ``locator`` is visible.</doc>
<arguments>
<arg>css:input[name='btnK']</arg>
</arguments>
<status status="PASS" starttime="20190516 23:09:47.796" endtime="20190516 23:09:48.027"></status>
</kw>
<kw name="Click Element" library="SeleniumLibrary">
<doc>Click element identified by ``locator``.</doc>
<arguments>
<arg>css:input[name='btnK']</arg>
</arguments>
<msg timestamp="20190516 23:09:48.028" level="INFO">Clicking element 'css:input[name='btnK']'.</msg>
<status status="PASS" starttime="20190516 23:09:48.028" endtime="20190516 23:09:48.908"></status>
</kw>
<kw name="Wait Until Element Is Visible" library="SeleniumLibrary">
<doc>Waits until element ``locator`` is visible.</doc>
<arguments>
<arg>css:input[name='q']</arg>
</arguments>
<status status="PASS" starttime="20190516 23:09:48.908" endtime="20190516 23:09:48.922"></status>
</kw>
<kw name="Textfield Value Should Be" library="SeleniumLibrary">
<doc>Verifies text field ``locator`` has exactly text ``expected``.</doc>
<arguments>
<arg>css:input[name='q']</arg>
<arg>Cucumber BDD</arg>
</arguments>
<msg timestamp="20190516 23:09:48.946" level="INFO">Content of text field 'css:input[name='q']' is 'Cucumber BDD'.</msg>
<status status="PASS" starttime="20190516 23:09:48.922" endtime="20190516 23:09:48.946"></status>
</kw>
<kw name="Close Browser" library="SeleniumLibrary">
<doc>Closes the current browser.</doc>
<status status="PASS" starttime="20190516 23:09:48.946" endtime="20190516 23:09:51.014"></status>
</kw>
<tags>
<tag>seraching</tag>
</tags>
<status status="PASS" starttime="20190516 23:09:44.691" endtime="20190516 23:09:51.016" critical="yes"></status>
</test>
<status status="PASS" starttime="20190516 23:09:44.456" endtime="20190516 23:09:51.024"></status>
</suite>
<statistics>
<total>
<stat pass="1" fail="0">Critical Tests</stat>
<stat pass="1" fail="0">All Tests</stat>
</total>
<tag>
<stat pass="1" fail="0">seraching</stat>
</tag>
<suite>
<stat pass="1" fail="0" id="s1" name="Script01">Script01</stat>
</suite>
</statistics>
<errors>
</errors>
</robot>
